<?xml version="1.0" encoding="UTF-8"?>
<testsuites name="ReqresAPI" time="5.68" tests="4" failures="0" errors="0">
   <testsuite name="ReqresAPI" tests="4" failures="0" errors="0" time="5.68" skipped="0" timestamp="2023-02-17 08:14:53" hostname="Administrator - 01-MULTIMEDIA" id="Test Suites/ReqresAPI">
      <properties>
         <property name="deviceName" value=""/>
         <property name="devicePlatform" value=""/>
         <property name="logFolder" value="C:\\Users\\Administrator\\git\\ReqresAPI-WithKatalon\\Reports\\20230217_081452\\ReqresAPI\\20230217_081452"/>
         <property name="logFiles" value="C:\\Users\\Administrator\\git\\ReqresAPI-WithKatalon\\Reports\\20230217_081452\\ReqresAPI\\20230217_081452\\execution0.log"/>
         <property name="attachments" value=""/>
         <property name="hostName" value="Administrator - 01-MULTIMEDIA"/>
         <property name="hostAddress" value="192.168.10.196"/>
         <property name="os" value="Windows 10 64bit"/>
         <property name="katalonVersion" value="8.5.5.208"/>
      </properties>
      <testcase name="Test Cases/01TC-GET List Users" time="2.207" classname="Test Cases/01TC-GET List Users" status="PASSED">
         <system-out><![CDATA[2023-02-17 08:14:53 - [TEST_CASE][PASSED] - Test Cases/01TC-GET List Users: Test Cases/01TC-GET List Users

2023-02-17 08:14:53 - [TEST_STEP][PASSED] - sendRequest(findTestObject("GET List Users")): Send request successfully

2023-02-17 08:14:55 - [MESSAGE][INFO] - HAR: C:\Users\Administrator\git\ReqresAPI-WithKatalon\Reports\20230217_081452\ReqresAPI\20230217_081452\requests\main\0.har

2023-02-17 08:14:55 - [MESSAGE][PASSED] - Send request successfully

2023-02-17 08:14:55 - [TEST_STEP][PASSED] - response = sendRequestAndVerify(findTestObject("GET List Users")): Send request and verify the response successfully

2023-02-17 08:14:55 - [MESSAGE][INFO] - HAR: C:\Users\Administrator\git\ReqresAPI-WithKatalon\Reports\20230217_081452\ReqresAPI\20230217_081452\requests\main\1.har

2023-02-17 08:14:55 - [TEST_CASE][PASSED] - Start Test Case : Verification: Verification accomplished successfully

2023-02-17 08:14:55 - [TEST_STEP][PASSED] - request = getInstance().getCurrentRequest(): null

2023-02-17 08:14:55 - [TEST_STEP][PASSED] - response = getInstance().getCurrentResponse(): null

2023-02-17 08:14:55 - [TEST_STEP][PASSED] - verifyResponseStatusCode(response, 200): Verify response status code successfully

2023-02-17 08:14:55 - [MESSAGE][PASSED] - Verify response status code successfully

2023-02-17 08:14:55 - [TEST_STEP][PASSED] - getStatusCode()).isEqualTo(200): null

2023-02-17 08:14:55 - [TEST_STEP][PASSED] - toString()).isEqualTo("[application/json; charset=utf-8]"): null

2023-02-17 08:14:55 - [TEST_STEP][PASSED] - containsKey("Content-Type")).isTrue(): null

2023-02-17 08:14:55 - [TEST_STEP][PASSED] - verifyElementPropertyValue(response, "data[1].first_name", "Janet"): Verify element property value successfully

2023-02-17 08:14:55 - [MESSAGE][PASSED] - Verify element property value successfully

2023-02-17 08:14:55 - [MESSAGE][PASSED] - Verify response successfully

2023-02-17 08:14:55 - [MESSAGE][PASSED] - All validation steps have been passed

2023-02-17 08:14:55 - [MESSAGE][PASSED] - Send request and verify the response successfully

2023-02-17 08:14:55 - [TEST_STEP][PASSED] - verifyResponseStatusCode(response, 200): Verify response status code successfully

2023-02-17 08:14:55 - [MESSAGE][PASSED] - Verify response status code successfully

2023-02-17 08:14:55 - [TEST_STEP][PASSED] - verifyElementPropertyValue(response, "data[1].first_name", "Janet"): Verify element property value successfully

2023-02-17 08:14:55 - [MESSAGE][PASSED] - Verify element property value successfully]]></system-out>
         <system-err><![CDATA[]]></system-err>
      </testcase>
      <testcase name="Test Cases/02TC-GET Single User" time="0.665" classname="Test Cases/02TC-GET Single User" status="PASSED">
         <system-out><![CDATA[2023-02-17 08:14:55 - [TEST_CASE][PASSED] - Test Cases/02TC-GET Single User: Test Cases/02TC-GET Single User

2023-02-17 08:14:55 - [TEST_STEP][PASSED] - sendRequest(findTestObject("GET Single User")): Send request successfully

2023-02-17 08:14:56 - [MESSAGE][INFO] - HAR: C:\Users\Administrator\git\ReqresAPI-WithKatalon\Reports\20230217_081452\ReqresAPI\20230217_081452\requests\main\2.har

2023-02-17 08:14:56 - [MESSAGE][PASSED] - Send request successfully

2023-02-17 08:14:56 - [TEST_STEP][PASSED] - response = sendRequestAndVerify(findTestObject("GET Single User")): Send request and verify the response successfully

2023-02-17 08:14:56 - [MESSAGE][INFO] - HAR: C:\Users\Administrator\git\ReqresAPI-WithKatalon\Reports\20230217_081452\ReqresAPI\20230217_081452\requests\main\3.har

2023-02-17 08:14:56 - [TEST_CASE][PASSED] - Start Test Case : Verification: Verification accomplished successfully

2023-02-17 08:14:56 - [TEST_STEP][PASSED] - request = getInstance().getCurrentRequest(): null

2023-02-17 08:14:56 - [TEST_STEP][PASSED] - response = getInstance().getCurrentResponse(): null

2023-02-17 08:14:56 - [TEST_STEP][PASSED] - verifyResponseStatusCode(response, 200): Verify response status code successfully

2023-02-17 08:14:56 - [MESSAGE][PASSED] - Verify response status code successfully

2023-02-17 08:14:56 - [TEST_STEP][PASSED] - getStatusCode()).isEqualTo(200): null

2023-02-17 08:14:56 - [TEST_STEP][PASSED] - toString()).isEqualTo("[application/json; charset=utf-8]"): null

2023-02-17 08:14:56 - [TEST_STEP][PASSED] - containsKey("Content-Type")).isTrue(): null

2023-02-17 08:14:56 - [TEST_STEP][PASSED] - verifyElementPropertyValue(response, "data.email", "janet.weaver@reqres.in"): Verify element property value successfully

2023-02-17 08:14:56 - [MESSAGE][PASSED] - Verify element property value successfully

2023-02-17 08:14:56 - [MESSAGE][PASSED] - Verify response successfully

2023-02-17 08:14:56 - [MESSAGE][PASSED] - All validation steps have been passed

2023-02-17 08:14:56 - [MESSAGE][PASSED] - Send request and verify the response successfully

2023-02-17 08:14:56 - [TEST_STEP][PASSED] - verifyResponseStatusCode(response, 200): Verify response status code successfully

2023-02-17 08:14:56 - [MESSAGE][PASSED] - Verify response status code successfully

2023-02-17 08:14:56 - [TEST_STEP][PASSED] - verifyElementPropertyValue(response, "data.email", "janet.weaver@reqres.in"): Verify element property value successfully

2023-02-17 08:14:56 - [MESSAGE][PASSED] - Verify element property value successfully]]></system-out>
         <system-err><![CDATA[]]></system-err>
      </testcase>
      <testcase name="Test Cases/03TC-POST Register Successfull" time="1.35" classname="Test Cases/03TC-POST Register Successfull" status="PASSED">
         <system-out><![CDATA[2023-02-17 08:14:56 - [TEST_CASE][PASSED] - Test Cases/03TC-POST Register Successfull: Test Cases/03TC-POST Register Successfull

2023-02-17 08:14:56 - [TEST_STEP][PASSED] - sendRequest(findTestObject("POST Register Successful")): Send request successfully

2023-02-17 08:14:57 - [MESSAGE][INFO] - HAR: C:\Users\Administrator\git\ReqresAPI-WithKatalon\Reports\20230217_081452\ReqresAPI\20230217_081452\requests\main\4.har

2023-02-17 08:14:57 - [MESSAGE][PASSED] - Send request successfully

2023-02-17 08:14:57 - [TEST_STEP][PASSED] - response = sendRequestAndVerify(findTestObject("POST Register Successful")): Send request and verify the response successfully

2023-02-17 08:14:57 - [MESSAGE][INFO] - HAR: C:\Users\Administrator\git\ReqresAPI-WithKatalon\Reports\20230217_081452\ReqresAPI\20230217_081452\requests\main\5.har

2023-02-17 08:14:57 - [TEST_CASE][PASSED] - Start Test Case : Verification: Verification accomplished successfully

2023-02-17 08:14:57 - [TEST_STEP][PASSED] - request = getInstance().getCurrentRequest(): null

2023-02-17 08:14:57 - [TEST_STEP][PASSED] - response = getInstance().getCurrentResponse(): null

2023-02-17 08:14:57 - [TEST_STEP][PASSED] - verifyResponseStatusCode(response, 200): Verify response status code successfully

2023-02-17 08:14:57 - [MESSAGE][PASSED] - Verify response status code successfully

2023-02-17 08:14:57 - [TEST_STEP][PASSED] - getStatusCode()).isEqualTo(200): null

2023-02-17 08:14:57 - [TEST_STEP][PASSED] - toString()).isEqualTo("[application/json; charset=utf-8]"): null

2023-02-17 08:14:57 - [TEST_STEP][PASSED] - containsKey("Content-Type")).isTrue(): null

2023-02-17 08:14:57 - [TEST_STEP][PASSED] - verifyElementPropertyValue(response, "id", "2"): Verify element property value successfully

2023-02-17 08:14:57 - [MESSAGE][PASSED] - Verify element property value successfully

2023-02-17 08:14:57 - [MESSAGE][PASSED] - Verify response successfully

2023-02-17 08:14:57 - [MESSAGE][PASSED] - All validation steps have been passed

2023-02-17 08:14:57 - [MESSAGE][PASSED] - Send request and verify the response successfully

2023-02-17 08:14:57 - [TEST_STEP][PASSED] - verifyResponseStatusCode(response, 200): Verify response status code successfully

2023-02-17 08:14:57 - [MESSAGE][PASSED] - Verify response status code successfully

2023-02-17 08:14:57 - [TEST_STEP][PASSED] - verifyElementPropertyValue(response, "id", "2"): Verify element property value successfully

2023-02-17 08:14:57 - [MESSAGE][PASSED] - Verify element property value successfully]]></system-out>
         <system-err><![CDATA[]]></system-err>
      </testcase>
      <testcase name="Test Cases/04TC-UPDATE User" time="1.312" classname="Test Cases/04TC-UPDATE User" status="PASSED">
         <system-out><![CDATA[2023-02-17 08:14:57 - [TEST_CASE][PASSED] - Test Cases/04TC-UPDATE User: Test Cases/04TC-UPDATE User

2023-02-17 08:14:57 - [TEST_STEP][PASSED] - sendRequest(findTestObject("UPDATE User")): Send request successfully

2023-02-17 08:14:58 - [MESSAGE][INFO] - HAR: C:\Users\Administrator\git\ReqresAPI-WithKatalon\Reports\20230217_081452\ReqresAPI\20230217_081452\requests\main\6.har

2023-02-17 08:14:58 - [MESSAGE][PASSED] - Send request successfully

2023-02-17 08:14:58 - [TEST_STEP][PASSED] - response = sendRequestAndVerify(findTestObject("UPDATE User")): Send request and verify the response successfully

2023-02-17 08:14:59 - [MESSAGE][INFO] - HAR: C:\Users\Administrator\git\ReqresAPI-WithKatalon\Reports\20230217_081452\ReqresAPI\20230217_081452\requests\main\7.har

2023-02-17 08:14:59 - [TEST_CASE][PASSED] - Start Test Case : Verification: Verification accomplished successfully

2023-02-17 08:14:59 - [TEST_STEP][PASSED] - request = getInstance().getCurrentRequest(): null

2023-02-17 08:14:59 - [TEST_STEP][PASSED] - response = getInstance().getCurrentResponse(): null

2023-02-17 08:14:59 - [TEST_STEP][PASSED] - verifyResponseStatusCode(response, 200): Verify response status code successfully

2023-02-17 08:14:59 - [MESSAGE][PASSED] - Verify response status code successfully

2023-02-17 08:14:59 - [TEST_STEP][PASSED] - getStatusCode()).isEqualTo(200): null

2023-02-17 08:14:59 - [TEST_STEP][PASSED] - toString()).isEqualTo("[application/json; charset=utf-8]"): null

2023-02-17 08:14:59 - [TEST_STEP][PASSED] - containsKey("Content-Type")).isTrue(): null

2023-02-17 08:14:59 - [TEST_STEP][PASSED] - verifyElementPropertyValue(response, "name", "morpheus"): Verify element property value successfully

2023-02-17 08:14:59 - [MESSAGE][PASSED] - Verify element property value successfully

2023-02-17 08:14:59 - [MESSAGE][PASSED] - Verify response successfully

2023-02-17 08:14:59 - [MESSAGE][PASSED] - All validation steps have been passed

2023-02-17 08:14:59 - [MESSAGE][PASSED] - Send request and verify the response successfully

2023-02-17 08:14:59 - [TEST_STEP][PASSED] - verifyResponseStatusCode(response, 200): Verify response status code successfully

2023-02-17 08:14:59 - [MESSAGE][PASSED] - Verify response status code successfully

2023-02-17 08:14:59 - [TEST_STEP][PASSED] - verifyElementPropertyValue(response, "name", "morpheus"): Verify element property value successfully

2023-02-17 08:14:59 - [MESSAGE][PASSED] - Verify element property value successfully]]></system-out>
         <system-err><![CDATA[]]></system-err>
      </testcase>
      <system-out><![CDATA[2023-02-17 08:14:53 - [TEST_SUITE][PASSED] - ReqresAPI: Test Cases/04TC-UPDATE User]]></system-out>
      <system-err><![CDATA[]]></system-err>
   </testsuite>
</testsuites>
